<?xml version="1.0" encoding="UTF-8"?>
<robot generator="Robot 3.0.4 (Python 3.7.0 on win32)" generated="20181212 14:16:04.343">
<suite id="s1" name="NotepadTest" source="C:\Users\anderson.benet\git\desktop_robotframework\test\NotepadTest.robot">
<test id="s1-t1" name="TC001 - Install Portosis módulo Cobrança">
<kw name="Carrega diretório de imagens" library="NotepadResource" type="setup">
<kw name="Add Image Path" library="SikuliLibrary">
<doc>Add image path</doc>
<arguments>
<arg>${image_dir}</arg>
</arguments>
<msg timestamp="20181212 14:16:07.203" level="INFO">Params: [C:\Users\anderson.benet\git\desktop_robotframework\resource\img]</msg>
<status status="PASS" starttime="20181212 14:16:07.194" endtime="20181212 14:16:07.203"></status>
</kw>
<status status="PASS" starttime="20181212 14:16:07.194" endtime="20181212 14:16:07.203"></status>
</kw>
<kw name="Realizar download do módulo Cobrança" library="NotepadResource">
<kw name="Click" library="SikuliLibrary">
<doc>Click image</doc>
<arguments>
<arg>start_windows</arg>
</arguments>
<msg timestamp="20181212 14:16:08.346" level="INFO">Params: [start_windows]</msg>
<msg timestamp="20181212 14:16:08.346" level="INFO" html="yes">&lt;img src='sikuli_captured/sikuliximage-1544631367552.png'/&gt;
[log] CLICK on L(36,1051)@S(0)[0,0 1920x1080] (523 msec)</msg>
<status status="PASS" starttime="20181212 14:16:07.204" endtime="20181212 14:16:08.347"></status>
</kw>
<kw name="Sleep" library="BuiltIn">
<doc>Pauses the test executed for the given time.</doc>
<arguments>
<arg>${wait}</arg>
</arguments>
<msg timestamp="20181212 14:16:13.348" level="INFO">Slept 5 seconds</msg>
<status status="PASS" starttime="20181212 14:16:08.347" endtime="20181212 14:16:13.349"></status>
</kw>
<kw name="Click" library="SikuliLibrary">
<doc>Click image</doc>
<arguments>
<arg>remote_start</arg>
</arguments>
<msg timestamp="20181212 14:16:14.412" level="INFO">Params: [remote_start]</msg>
<msg timestamp="20181212 14:16:14.412" level="INFO" html="yes">&lt;img src='sikuli_captured/sikuliximage-1544631373619.png'/&gt;
[log] CLICK on L(544,297)@S(0)[0,0 1920x1080] (523 msec)</msg>
<status status="PASS" starttime="20181212 14:16:13.349" endtime="20181212 14:16:14.412"></status>
</kw>
<kw name="Sleep" library="BuiltIn">
<doc>Pauses the test executed for the given time.</doc>
<arguments>
<arg>${wait}</arg>
</arguments>
<msg timestamp="20181212 14:16:19.413" level="INFO">Slept 5 seconds</msg>
<status status="PASS" starttime="20181212 14:16:14.412" endtime="20181212 14:16:19.413"></status>
</kw>
<kw name="Click" library="SikuliLibrary">
<doc>Click image</doc>
<arguments>
<arg>remote_conectar</arg>
</arguments>
<msg timestamp="20181212 14:16:20.467" level="INFO">Params: [remote_conectar]</msg>
<msg timestamp="20181212 14:16:20.467" level="INFO" html="yes">&lt;img src='sikuli_captured/sikuliximage-1544631379669.png'/&gt;
[log] CLICK on L(1072,512)@S(0)[0,0 1920x1080] (524 msec)</msg>
<status status="PASS" starttime="20181212 14:16:19.413" endtime="20181212 14:16:20.467"></status>
</kw>
<kw name="Sleep" library="BuiltIn">
<doc>Pauses the test executed for the given time.</doc>
<arguments>
<arg>${wait}</arg>
</arguments>
<msg timestamp="20181212 14:16:25.468" level="INFO">Slept 5 seconds</msg>
<status status="PASS" starttime="20181212 14:16:20.467" endtime="20181212 14:16:25.469"></status>
</kw>
<kw name="Input Text" library="SikuliLibrary">
<doc>Input text. Image could be empty</doc>
<arguments>
<arg>remote_password.png</arg>
<arg>porto@2018</arg>
</arguments>
<msg timestamp="20181212 14:16:26.997" level="INFO">Params: [remote_password.png, porto@2018]
Input Text:
porto@2018</msg>
<msg timestamp="20181212 14:16:26.997" level="INFO" html="yes">&lt;img src='sikuli_captured/sikuliximage-1544631385753.png'/&gt;
[log] CLICK on L(878,394)@S(0)[0,0 1920x1080] (544 msec)
[log]  TYPE "porto@2018"</msg>
<status status="PASS" starttime="20181212 14:16:25.469" endtime="20181212 14:16:26.998"></status>
</kw>
<kw name="Sleep" library="BuiltIn">
<doc>Pauses the test executed for the given time.</doc>
<arguments>
<arg>${wait}</arg>
</arguments>
<msg timestamp="20181212 14:16:31.998" level="INFO">Slept 5 seconds</msg>
<status status="PASS" starttime="20181212 14:16:26.998" endtime="20181212 14:16:31.998"></status>
</kw>
<kw name="Click" library="SikuliLibrary">
<doc>Click image</doc>
<arguments>
<arg>remote_button_ok</arg>
</arguments>
<msg timestamp="20181212 14:16:32.999" level="INFO">Params: [remote_button_ok]</msg>
<msg timestamp="20181212 14:16:32.999" level="INFO" html="yes">&lt;img src='sikuli_captured/sikuliximage-1544631392252.png'/&gt;
[log] CLICK on L(803,590)@S(0)[0,0 1920x1080] (521 msec)</msg>
<status status="PASS" starttime="20181212 14:16:31.998" endtime="20181212 14:16:32.999"></status>
</kw>
<kw name="Sleep" library="BuiltIn">
<doc>Pauses the test executed for the given time.</doc>
<arguments>
<arg>30</arg>
</arguments>
<msg timestamp="20181212 14:17:03.000" level="INFO">Slept 30 seconds</msg>
<status status="PASS" starttime="20181212 14:16:32.999" endtime="20181212 14:17:03.000"></status>
</kw>
<kw name="Click" library="SikuliLibrary">
<doc>Click image</doc>
<arguments>
<arg>start_browser_ie.png</arg>
</arguments>
<msg timestamp="20181212 14:17:04.632" level="INFO">Params: [start_browser_ie.png]</msg>
<msg timestamp="20181212 14:17:04.632" level="INFO" html="yes">&lt;img src='sikuli_captured/sikuliximage-1544631423569.png'/&gt;
[log] CLICK on L(89,1060)@S(0)[0,0 1920x1080] (521 msec)</msg>
<status status="PASS" starttime="20181212 14:17:03.000" endtime="20181212 14:17:04.632"></status>
</kw>
<kw name="Sleep" library="BuiltIn">
<doc>Pauses the test executed for the given time.</doc>
<arguments>
<arg>30</arg>
</arguments>
<msg timestamp="20181212 14:17:34.633" level="INFO">Slept 30 seconds</msg>
<status status="PASS" starttime="20181212 14:17:04.632" endtime="20181212 14:17:34.633"></status>
</kw>
<kw name="Click" library="SikuliLibrary">
<doc>Click image</doc>
<arguments>
<arg>search_portosis_browser.png</arg>
</arguments>
<msg timestamp="20181212 14:17:35.642" level="INFO">Params: [search_portosis_browser.png]</msg>
<msg timestamp="20181212 14:17:35.642" level="INFO" html="yes">&lt;img src='sikuli_captured/sikuliximage-1544631454869.png'/&gt;
[log] CLICK on L(474,309)@S(0)[0,0 1920x1080] (520 msec)</msg>
<status status="PASS" starttime="20181212 14:17:34.633" endtime="20181212 14:17:35.642"></status>
</kw>
<kw name="Sleep" library="BuiltIn">
<doc>Pauses the test executed for the given time.</doc>
<arguments>
<arg>${wait}</arg>
</arguments>
<msg timestamp="20181212 14:17:40.644" level="INFO">Slept 5 seconds</msg>
<status status="PASS" starttime="20181212 14:17:35.642" endtime="20181212 14:17:40.644"></status>
</kw>
<kw name="Click" library="SikuliLibrary">
<doc>Click image</doc>
<arguments>
<arg>download_portosis_cobranca.png</arg>
</arguments>
<msg timestamp="20181212 14:17:41.723" level="INFO">Params: [download_portosis_cobranca.png]</msg>
<msg timestamp="20181212 14:17:41.723" level="INFO" html="yes">&lt;img src='sikuli_captured/sikuliximage-1544631460902.png'/&gt;
[log] CLICK on L(874,623)@S(0)[0,0 1920x1080] (521 msec)</msg>
<status status="PASS" starttime="20181212 14:17:40.644" endtime="20181212 14:17:41.723"></status>
</kw>
<kw name="Sleep" library="BuiltIn">
<doc>Pauses the test executed for the given time.</doc>
<arguments>
<arg>${wait}</arg>
</arguments>
<msg timestamp="20181212 14:17:46.725" level="INFO">Slept 5 seconds</msg>
<status status="PASS" starttime="20181212 14:17:41.723" endtime="20181212 14:17:46.725"></status>
</kw>
<kw name="Click" library="SikuliLibrary">
<doc>Click image</doc>
<arguments>
<arg>portosis_cobranca_install.png</arg>
</arguments>
<msg timestamp="20181212 14:17:47.721" level="INFO">Params: [portosis_cobranca_install.png]</msg>
<msg timestamp="20181212 14:17:47.721" level="INFO" html="yes">&lt;img src='sikuli_captured/sikuliximage-1544631466968.png'/&gt;
[log] CLICK on L(1239,878)@S(0)[0,0 1920x1080] (522 msec)</msg>
<status status="PASS" starttime="20181212 14:17:46.725" endtime="20181212 14:17:47.721"></status>
</kw>
<kw name="Sleep" library="BuiltIn">
<doc>Pauses the test executed for the given time.</doc>
<arguments>
<arg>${wait}</arg>
</arguments>
<msg timestamp="20181212 14:17:52.723" level="INFO">Slept 5 seconds</msg>
<status status="PASS" starttime="20181212 14:17:47.722" endtime="20181212 14:17:52.723"></status>
</kw>
<kw name="Click" library="SikuliLibrary">
<doc>Click image</doc>
<arguments>
<arg>portosis_cobranca_install_acoes.png</arg>
</arguments>
<msg timestamp="20181212 14:17:53.740" level="INFO">Params: [portosis_cobranca_install_acoes.png]</msg>
<msg timestamp="20181212 14:17:53.740" level="INFO" html="yes">&lt;img src='sikuli_captured/sikuliximage-1544631472985.png'/&gt;
[log] CLICK on L(1296,878)@S(0)[0,0 1920x1080] (523 msec)</msg>
<status status="PASS" starttime="20181212 14:17:52.723" endtime="20181212 14:17:53.740"></status>
</kw>
<kw name="Sleep" library="BuiltIn">
<doc>Pauses the test executed for the given time.</doc>
<arguments>
<arg>${wait}</arg>
</arguments>
<msg timestamp="20181212 14:17:58.741" level="INFO">Slept 5 seconds</msg>
<status status="PASS" starttime="20181212 14:17:53.740" endtime="20181212 14:17:58.741"></status>
</kw>
<kw name="Click" library="SikuliLibrary">
<doc>Click image</doc>
<arguments>
<arg>portosis_cobranca_install_acoes_opcoes_executar.png</arg>
</arguments>
<msg timestamp="20181212 14:17:59.735" level="INFO">Params: [portosis_cobranca_install_acoes_opcoes_executar.png]</msg>
<msg timestamp="20181212 14:17:59.735" level="INFO" html="yes">&lt;img src='sikuli_captured/sikuliximage-1544631478969.png'/&gt;
[log] CLICK on L(916,620)@S(0)[0,0 1920x1080] (522 msec)</msg>
<status status="PASS" starttime="20181212 14:17:58.741" endtime="20181212 14:17:59.735"></status>
</kw>
<kw name="Sleep" library="BuiltIn">
<doc>Pauses the test executed for the given time.</doc>
<arguments>
<arg>10</arg>
</arguments>
<msg timestamp="20181212 14:18:09.736" level="INFO">Slept 10 seconds</msg>
<status status="PASS" starttime="20181212 14:17:59.736" endtime="20181212 14:18:09.736"></status>
</kw>
<kw name="Click" library="SikuliLibrary">
<doc>Click image</doc>
<arguments>
<arg>antivirus_liberar.png</arg>
</arguments>
<msg timestamp="20181212 14:18:10.763" level="INFO">Params: [antivirus_liberar.png]</msg>
<msg timestamp="20181212 14:18:10.763" level="INFO" html="yes">&lt;img src='sikuli_captured/sikuliximage-1544631490001.png'/&gt;
[log] CLICK on L(1751,989)@S(0)[0,0 1920x1080] (521 msec)</msg>
<status status="PASS" starttime="20181212 14:18:09.736" endtime="20181212 14:18:10.763"></status>
</kw>
<kw name="Set Timeout" library="SikuliLibrary">
<doc>Set Sikuli timeout(seconds)</doc>
<arguments>
<arg>20</arg>
</arguments>
<msg timestamp="20181212 14:18:10.765" level="INFO">Params: [20]</msg>
<status status="PASS" starttime="20181212 14:18:10.763" endtime="20181212 14:18:10.765"></status>
</kw>
<kw name="Click" library="SikuliLibrary">
<doc>Click image</doc>
<arguments>
<arg>portosis_cobranca_run.png</arg>
</arguments>
<msg timestamp="20181212 14:18:31.126" level="INFO">Params: [portosis_cobranca_run.png]</msg>
<msg timestamp="20181212 14:18:31.127" level="INFO" html="yes">&lt;img src='sikuli_captured/sikuliximage-1544631510996.png'/&gt;</msg>
<msg timestamp="20181212 14:18:31.127" level="FAIL">com.github.rainmanwy.robotframework.sikulilib.exceptions.TimeoutException: Timeout happend, could not find portosis_cobranca_run.png</msg>
<status status="FAIL" starttime="20181212 14:18:10.765" endtime="20181212 14:18:31.127"></status>
</kw>
<status status="FAIL" starttime="20181212 14:16:07.204" endtime="20181212 14:18:31.127"></status>
</kw>
<kw name="Stop Remote Server" library="SikuliLibrary" type="teardown">
<doc>Stops the remote server.</doc>
<msg timestamp="20181212 14:18:31.133" level="INFO">Robot Framework remote server stopping</msg>
<status status="PASS" starttime="20181212 14:18:31.129" endtime="20181212 14:18:31.133"></status>
</kw>
<status status="FAIL" starttime="20181212 14:16:07.193" endtime="20181212 14:18:31.134" critical="yes">com.github.rainmanwy.robotframework.sikulilib.exceptions.TimeoutException: Timeout happend, could not find portosis_cobranca_run.png</status>
</test>
<status status="FAIL" starttime="20181212 14:16:04.345" endtime="20181212 14:18:31.138"></status>
</suite>
<statistics>
<total>
<stat pass="0" fail="1">Critical Tests</stat>
<stat pass="0" fail="1">All Tests</stat>
</total>
<tag>
</tag>
<suite>
<stat pass="0" fail="1" id="s1" name="NotepadTest">NotepadTest</stat>
</suite>
</statistics>
<errors>
</errors>
</robot>
